Log file open, 05/24/16 10:00:08
LogInit:Display: Running engine for game: TiRT
LogPlatformFile: Not using cached read wrapper
LogInit:Display: RandInit(1579722283) SRandInit(1579722285).
LogTaskGraph: Started task graph with 4 named threads and 7 total threads.
LogStats: Stats thread started at 0.555138
LogInit: Version: 4.11.1-2934540+++UE4+Release-4.11
LogInit: API Version: 2927265
LogInit: Compiled (64-bit): Apr  6 2016 02:14:16
LogInit: Compiled with Visual C++: 19.00.23026.00
LogInit: Build Configuration: Development
LogInit: Branch Name: ++UE4+Release-4.11
LogInit: Command line:  
LogInit: Base directory: C:/Program Files (x86)/Epic Games/4.11/Engine/Binaries/Win64/
LogInit: Installed Engine Build: 1
LogInit: Using libcurl 7.41.0
LogInit:  - built for x86_64-pc-win32
LogInit:  - supports SSL with WinSSL
LogInit:  - other features:
LogInit:      CURL_VERSION_SSL
LogInit:      CURL_VERSION_IPV6
LogInit:      CURL_VERSION_ASYNCHDNS
LogInit:      CURL_VERSION_LARGEFILE
LogInit:      CURL_VERSION_IDN
LogInit:  CurlRequestOptions (configurable via config and command line):
LogInit:  - bVerifyPeer = true  - Libcurl will verify peer certificate
LogInit:  - bUseHttpProxy = false  - Libcurl will NOT use HTTP proxy
LogInit:  - bDontReuseConnections = false  - Libcurl will reuse connections
LogInit:  - CertBundlePath = nullptr  - Libcurl will use whatever was configured at build time.
LogInit: Presizing for max 16777216 objects, including 0 objects not considered by GC, pre-allocating 0 bytes for permanent pool.
LogInit: Object subsystem initialized
[2016.05.24-08.00.08:731][  0]LogInit: Selected Device Profile: [Windows]
[2016.05.24-08.00.08:731][  0]LogInit: Applying CVar settings loaded from the selected device profile: [Windows]
[2016.05.24-08.00.08:743][  0]LogInit: Computer: CE11699
[2016.05.24-08.00.08:743][  0]LogInit: User: MBOROWIN
[2016.05.24-08.00.08:743][  0]LogInit: CPU Page size=65536, Cores=4
[2016.05.24-08.00.08:743][  0]LogInit: High frequency timer resolution =2.728222 MHz
[2016.05.24-08.00.08:743][  0]LogMemory: Memory total: Physical=7.7GB (8GB approx)
[2016.05.24-08.00.08:743][  0]LogMemory: Platform Memory Stats for Windows
[2016.05.24-08.00.08:743][  0]LogMemory: Process Physical Memory: 315.61 MB used, 315.61 MB peak
[2016.05.24-08.00.08:743][  0]LogMemory: Process Virtual Memory: 317.62 MB used, 317.62 MB peak
[2016.05.24-08.00.08:743][  0]LogMemory: Physical Memory: 4770.68 MB used, 7876.90 MB total
[2016.05.24-08.00.08:743][  0]LogMemory: Virtual Memory: 623.25 MB used, 8388608.00 MB total
[2016.05.24-08.00.08:871][  0]LogTextLocalizationManager: No specific translations for ('en-US') exist, so ('en') translations will be used.
[2016.05.24-08.00.09:320][  0]LogD3D11RHI: D3D11 adapters:
[2016.05.24-08.00.09:331][  0]LogD3D11RHI:    0. 'Intel(R) HD Graphics 4600' (Feature Level 11_0)
[2016.05.24-08.00.09:331][  0]LogD3D11RHI:       64MB of dedicated video memory, 0MB of dedicated system memory, and 1632MB of shared system memory, 1 output[s]
[2016.05.24-08.00.09:331][  0]LogD3D11RHI: Chosen D3D11 Adapter: 0
[2016.05.24-08.00.09:337][  0]LogD3D11RHI: Creating new Direct3DDevice
[2016.05.24-08.00.09:337][  0]LogD3D11RHI:     Adapter Name: Intel(R) HD Graphics 4600
[2016.05.24-08.00.09:337][  0]LogD3D11RHI:   Driver Version: Unknown (internal Unknown)
[2016.05.24-08.00.09:337][  0]LogD3D11RHI:      Driver Date: Unknown
[2016.05.24-08.00.09:338][  0]LogRHI: Texture pool is 616 MB (70% of 880 MB)
[2016.05.24-08.00.09:348][  0]LogD3D11RHI: Async texture creation enabled
[2016.05.24-08.00.09:370][  0]LogShaderCompilers: Guid format shader working directory is -12 characters bigger than the processId version (../../../../../../Private/PWR/Semestr 1 II stopien/TiRT/TiRT/Intermediate/Shaders/WorkingDirectory/10536/).
[2016.05.24-08.00.09:371][  0]LogShaderCompilers: Cleaned the shader compiler working directory 'C:/Users/mborowin/AppData/Local/Temp/UnrealShaderWorkingDir/910DFEE8471CF85B5280249391D1C088/'.
[2016.05.24-08.00.09:371][  0]LogShaderCompilers:Display: Using Local Shader Compiler.
[2016.05.24-08.00.12:409][  0]LogTemp:Display: Loaded TP AllDesktopTargetPlatform
[2016.05.24-08.00.12:413][  0]LogTemp:Display: Loaded TP WindowsClientTargetPlatform
[2016.05.24-08.00.12:419][  0]LogTemp:Display: Loaded TP WindowsNoEditorTargetPlatform
[2016.05.24-08.00.12:424][  0]LogTemp:Display: Loaded TP WindowsServerTargetPlatform
[2016.05.24-08.00.12:429][  0]LogTemp:Display: Loaded TP WindowsTargetPlatform
[2016.05.24-08.00.12:435][  0]LogTemp:Display: Loaded TP AndroidTargetPlatform
[2016.05.24-08.00.12:439][  0]LogTemp:Display: Loaded TP Android_ASTCTargetPlatform
[2016.05.24-08.00.12:444][  0]LogTemp:Display: Loaded TP Android_ATCTargetPlatform
[2016.05.24-08.00.12:448][  0]LogTemp:Display: Loaded TP Android_DXTTargetPlatform
[2016.05.24-08.00.12:453][  0]LogTemp:Display: Loaded TP Android_ETC1TargetPlatform
[2016.05.24-08.00.12:457][  0]LogTemp:Display: Loaded TP Android_ETC2TargetPlatform
[2016.05.24-08.00.12:465][  0]LogTemp:Display: Loaded TP Android_MultiTargetPlatform
[2016.05.24-08.00.12:465][  0]LogTemp:Display: Loaded TP Android_PVRTCTargetPlatform
[2016.05.24-08.00.12:467][  0]LogTemp:Display: Loaded TP HTML5TargetPlatform
[2016.05.24-08.00.12:491][  0]LogTemp:Display: Loaded TP IOSTargetPlatform
[2016.05.24-08.00.12:494][  0]LogTemp:Display: Loaded TP TVOSTargetPlatform
[2016.05.24-08.00.12:499][  0]LogTemp:Display: Loaded TP LinuxNoEditorTargetPlatform
[2016.05.24-08.00.12:503][  0]LogTemp:Display: Loaded TP LinuxServerTargetPlatform
[2016.05.24-08.00.12:510][  0]LogTemp:Display: Loaded TP LinuxTargetPlatform
[2016.05.24-08.00.12:510][  0]LogTargetPlatformManager:Display: Building Assets For Windows
[2016.05.24-08.00.12:651][  0]LogDerivedDataCache:Display: Max Cache Size: 512 MB
[2016.05.24-08.00.12:813][  0]LogDerivedDataCache: Loaded boot cache 0.16s 46MB C:/Users/mborowin/AppData/Local/UnrealEngine/4.11/DerivedDataCache/Boot.ddc.
[2016.05.24-08.00.12:813][  0]LogDerivedDataCache:Display: Loaded Boot cache: C:/Users/mborowin/AppData/Local/UnrealEngine/4.11/DerivedDataCache/Boot.ddc
[2016.05.24-08.00.12:813][  0]LogDerivedDataCache: FDerivedDataBackendGraph:  Pak pak cache file ../../../../../../Private/PWR/Semestr 1 II stopien/TiRT/TiRT/DerivedDataCache/DDC.ddp not found, will not use a pak cache.
[2016.05.24-08.00.12:813][  0]LogDerivedDataCache: Unable to find inner node Pak for hierarchical cache Hierarchy.
[2016.05.24-08.00.12:813][  0]LogDerivedDataCache: FDerivedDataBackendGraph:  CompressedPak pak cache file ../../../../../../Private/PWR/Semestr 1 II stopien/TiRT/TiRT/DerivedDataCache/Compressed.ddp not found, will not use a pak cache.
[2016.05.24-08.00.12:813][  0]LogDerivedDataCache: Unable to find inner node CompressedPak for hierarchical cache Hierarchy.
[2016.05.24-08.00.12:830][  0]LogDerivedDataCache:Display: Pak cache opened for reading ../../../Engine/DerivedDataCache/Compressed.ddp.
[2016.05.24-08.00.12:844][  0]LogDerivedDataCache: Using Local data cache path C:/Users/mborowin/AppData/Local/UnrealEngine/Common/DerivedDataCache: Writable
[2016.05.24-08.00.13:455][  0]LogInit: Selected Device Profile: [Windows]
[2016.05.24-08.00.13:459][  0]LogContentStreaming: Texture pool size is 0.00 MB
[2016.05.24-08.00.13:533][  0]LogMaterial: Uniform references updated for custom material expression Custom.
[2016.05.24-08.00.13:782][  0]LogMeshUtilities: No automatic mesh reduction module available
[2016.05.24-08.00.13:782][  0]LogMeshUtilities: No automatic mesh merging module available
[2016.05.24-08.00.13:782][  0]LogMeshUtilities: No distributed automatic mesh merging module available
[2016.05.24-08.00.14:423][  0]LogUObjectArray: 27678 objects as part of root set at end of initial load.
[2016.05.24-08.00.14:423][  0]LogUObjectAllocator: 5591384 out of 0 bytes used by permanent object pool.
[2016.05.24-08.00.14:423][  0]LogUObjectArray: CloseDisregardForGC: 0/0 objects in disregard for GC pool
[2016.05.24-08.00.14:431][  0]LogInit: WinSock: version 1.1 (2.2), MaxSocks=32767, MaxUdp=65467
[2016.05.24-08.00.14:780][  0]LogSlate: SlateFontCache - WITH_FREETYPE: 1, WITH_HARFBUZZ: 1
[2016.05.24-08.00.14:780][  0]LogSlate: SlateFontCache - WITH_FREETYPE: 1, WITH_HARFBUZZ: 1
[2016.05.24-08.00.15:127][  0]LogStreaming:Warning: Failed to read file '../../../Engine/Content/Editor/Slate/Common/Selection_16x.png' error.
[2016.05.24-08.00.15:127][  0]LogSlate: Could not find file for Slate resource: ../../../Engine/Content/Editor/Slate/Common/Selection_16x.png
[2016.05.24-08.00.15:127][  0]LogStreaming:Warning: Failed to read file '../../../Engine/Content/Editor/Slate/Common/Selection_16x.png' error.
[2016.05.24-08.00.15:127][  0]LogSlate: Could not find file for Slate resource: ../../../Engine/Content/Editor/Slate/Common/Selection_16x.png
[2016.05.24-08.00.15:127][  0]LogStreaming:Warning: Failed to read file '../../../Engine/Content/Editor/Slate/Common/Selection_16x.png' error.
[2016.05.24-08.00.15:127][  0]LogSlate: Could not find file for Slate resource: ../../../Engine/Content/Editor/Slate/Common/Selection_16x.png
[2016.05.24-08.00.16:600][  0]LogUdpMessaging: Initializing bridge on interface 0.0.0.0:0 to multicast group 230.0.0.1:6666.
[2016.05.24-08.00.16:828][  0]LogAssetRegistry: FAssetRegistry took 0.0222 seconds to start up
[2016.05.24-08.00.17:172][  0]SourceControl: Info Source control is disabled
[2016.05.24-08.00.17:219][  0]SourceControl: Info Source control is disabled
[2016.05.24-08.00.17:236][  0]SourceControl: Info Source control is disabled
[2016.05.24-08.00.17:254][  0]SourceControl: Info Source control is disabled
[2016.05.24-08.00.17:588][  0]LogEngine: Initializing Engine...
[2016.05.24-08.00.17:595][  0]LogHMD: SteamVR failed to initialize.  Err: 110
[2016.05.24-08.00.17:596][  0]LogHMD: SteamVR failed to initialize.  Err: 110
[2016.05.24-08.00.17:797][  0]LogAIModule: Creating AISystem for world NewWorld
[2016.05.24-08.00.17:807][  0]LogInit: XAudio2 using 'Speaker/HP (Realtek High Definition Audio)' : 2 channels at 48 kHz using 32 bits per sample (channel mask 0x3)
[2016.05.24-08.00.17:824][  0]LogInit: FAudioDevice initialized.
[2016.05.24-08.00.17:853][  0]LogDerivedDataCache: Saved boot cache 0.03s 46MB C:/Users/mborowin/AppData/Local/UnrealEngine/4.11/DerivedDataCache/Boot.ddc.
[2016.05.24-08.00.17:858][  0]LogInit: Texture streaming: Enabled
[2016.05.24-08.00.17:910][  0]LogInit: Transaction tracking system initialized
[2016.05.24-08.00.17:967][  0]BlueprintLog: New page: Editor Load
[2016.05.24-08.00.18:132][  0]LocalizationService: Info Localization service is disabled
[2016.05.24-08.00.18:465][  0]LogConsoleResponse:Display: 
[2016.05.24-08.00.18:775][  0]LogCook:Display: Max memory allowance for cook 8192mb
[2016.05.24-08.00.18:775][  0]LogCook:Display: Mobile HDR setting 1
[2016.05.24-08.00.18:775][  0]LogCook:Display: Done creating registry. It took  0.00s.
[2016.05.24-08.00.18:939][  0]LogFileCache: Scanning file cache for directory 'C:/Private/PWR/Semestr 1 II stopien/TiRT/TiRT/Content/' took 0.03s
[2016.05.24-08.00.18:939][  0]SourceControl: Info Source control is disabled
[2016.05.24-08.00.18:940][  0]Cmd: MAP LOAD FILE="../../../../../../Private/PWR/Semestr 1 II stopien/TiRT/TiRT/Content/StarterContent/Maps/Minimal_Default.umap" TEMPLATE=0 SHOWPROGRESS=1 FEATURELEVEL=3
[2016.05.24-08.00.18:943][  0]LightingResults: New page: Lighting Build
[2016.05.24-08.00.18:951][  0]MapCheck: New page: Map Check
[2016.05.24-08.00.18:951][  0]LightingResults: New page: Lighting Build
[2016.05.24-08.00.19:486][  0]LogAIModule: Creating AISystem for world Minimal_Default
[2016.05.24-08.00.19:518][  0]LogEditorServer: Finished looking for orphan Actors (0.000 secs)
[2016.05.24-08.00.19:519][  0]Cmd: MAP CHECKDEP NOCLEARLOG
[2016.05.24-08.00.19:614][  0]MapCheck: Info Map check complete: 0 Error(s), 0 Warning(s), took 94.467ms to complete.
[2016.05.24-08.00.19:614][  0]LogFileHelpers: Loading map 'Minimal_Default' took 0.674
[2016.05.24-08.00.19:775][  0]LogCollectionManager: Loaded 0 collections in 0.004450 seconds
[2016.05.24-08.00.19:835][  0]LogFileCache: Scanning file cache for directory 'C:/Private/PWR/Semestr 1 II stopien/TiRT/TiRT/Saved/Collections/' took 0.01s
[2016.05.24-08.00.19:835][  0]LogFileCache: Scanning file cache for directory 'C:/Private/PWR/Semestr 1 II stopien/TiRT/TiRT/Content/Developers/MBOROWIN/Collections/' took 0.01s
[2016.05.24-08.00.19:835][  0]LogFileCache: Scanning file cache for directory 'C:/Private/PWR/Semestr 1 II stopien/TiRT/TiRT/Content/Collections/' took 0.01s
[2016.05.24-08.00.19:835][  0]LogCollectionManager: Rebuilt the GUID cache for 0 collections in 0.000002 seconds
[2016.05.24-08.00.19:842][  0]LogContentBrowser: Native class hierarchy populated in 0.0072 seconds. Added 1979 classes and 343 folders.
[2016.05.24-08.00.19:849][  0]LogStats: UGameplayTagsManager::ConstructGameplayTagTree: Construct from data asset -  0.000 s
[2016.05.24-08.00.19:849][  0]LogStats: UGameplayTagsManager::ConstructGameplayTagTree: GameplayTagTreeChangedEvent.Broadcast -  0.000 s
[2016.05.24-08.00.19:850][  0]LogContentBrowser: Native class hierarchy updated for 'GameplayTags' in 0.0007 seconds. Added 12 classes and 0 folders.
[2016.05.24-08.00.19:856][  0]LogContentBrowser: Native class hierarchy updated for 'WidgetCarousel' in 0.0005 seconds. Added 0 classes and 0 folders.
[2016.05.24-08.00.19:874][  0]LogContentBrowser: Native class hierarchy updated for 'SuperSearch' in 0.0006 seconds. Added 1 classes and 2 folders.
[2016.05.24-08.00.20:143][  0]LogContentBrowser: Native class hierarchy updated for 'AddContentDialog' in 0.0011 seconds. Added 0 classes and 0 folders.
[2016.05.24-08.00.20:155][  0]LogContentBrowser: Native class hierarchy updated for 'SceneOutliner' in 0.0006 seconds. Added 1 classes and 2 folders.
[2016.05.24-08.00.20:281][  0]LogCrashTracker: Crashtracker disabled due to settings.
[2016.05.24-08.00.20:291][  0]LogUObjectGlobals:Warning: Failed to find object 'Class None.'
[2016.05.24-08.00.20:323][  0]LogContentBrowser: Native class hierarchy updated for 'HierarchicalLODOutliner' in 0.0009 seconds. Added 1 classes and 2 folders.
[2016.05.24-08.00.20:323][  0]LogLoad: Full Startup: 13.61 seconds (BP compile: 0.13 seconds)
[2016.05.24-08.00.20:323][  0]LogExternalProfiler:Warning: No registered external profiler was matched with a command-line switch (or the DLL could not be loaded).  External profiling features will not be available.
[2016.05.24-08.00.20:334][  0]LogOcInput: OculusInput pre-init called
[2016.05.24-08.00.20:422][  0]LogContentStreaming: Texture pool size now 200 MB
[2016.05.24-08.00.20:775][  0]LogRenderer: Reallocating scene render targets to support 920x548 (Frame:2).
[2016.05.24-08.00.21:284][  1]LogAssetRegistry: Asset discovery search completed in 4.4768 seconds
[2016.05.24-08.00.21:284][  1]LogCollectionManager: Rebuilt the object cache for 0 collections in 0.000001 seconds (found 0 objects)
[2016.05.24-08.00.21:284][  1]LogCollectionManager: Fixed up redirectors for 0 collections in 0.000249 seconds (updated 0 objects)
[2016.05.24-08.02.26:235][  8]LogContentBrowser: Native class hierarchy updated for 'BlueprintGraph' in 0.0009 seconds. Added 108 classes and 0 folders.
[2016.05.24-08.03.42:020][831]LogEditorTransaction: Undo Add Node
[2016.05.24-08.10.21:154][169]LogFileHelpers: Editor autosave (incl. sublevels) for '/Game/StarterContent/Maps/Minimal_Default' took 0.043
[2016.05.24-08.10.21:161][169]OBJ SavePackage: Generating thumbnails for [1] asset(s) in package [/Game/Blueprints/Node] ([1] browsable assets)...
[2016.05.24-08.10.21:178][169]OBJ SavePackage:     Rendered thumbnail for [Blueprint /Game/Blueprints/Node.Node]
[2016.05.24-08.10.21:178][169]OBJ SavePackage: Finished generating thumbnails for package [/Game/Blueprints/Node]
[2016.05.24-08.10.21:178][169]Cmd: OBJ SAVEPACKAGE PACKAGE="/Game/Blueprints/Node" FILE="../../../../../../Private/PWR/Semestr 1 II stopien/TiRT/TiRT/Saved/Autosaves/Game/Blueprints/Node_Auto1.uasset" SILENT=false AUTOSAVING=true
[2016.05.24-08.10.21:337][169]LogSavePackage: Save=135.09ms
[2016.05.24-08.10.21:337][169]LogSavePackage: Moving '../../../../../../Private/PWR/Semestr 1 II stopien/TiRT/TiRT/Saved/Node_Auto12EB0A58B4CC023AF786690AB21A2545C.tmp' to '../../../../../../Private/PWR/Semestr 1 II stopien/TiRT/TiRT/Saved/Autosaves/Game/Blueprints/Node_Auto1.uasset'
[2016.05.24-08.10.21:342][169]LogSavePackage: Total save time: 160.04ms
[2016.05.24-08.10.21:342][169]LogSavePackage:Display: Finished SavePackage ../../../../../../Private/PWR/Semestr 1 II stopien/TiRT/TiRT/Saved/Autosaves/Game/Blueprints/Node_Auto1.uasset
[2016.05.24-08.10.21:342][169]LogFileHelpers: Auto-saving content packages took 0.187
[2016.05.24-08.21.06:852][768]LogUObjectHash:Warning: Ambiguous search, could be K2Node_VariableSet /Game/Blueprints/Node.Node:EventGraph.K2Node_VariableSet_41 or K2Node_VariableSet /Engine/Transient.PROTO_BP_Blueprint_0:UserConstructionScript.K2Node_VariableSet_41
[2016.05.24-08.21.06:852][768]LogProperty:Warning: ObjectProperty /Script/Engine.EdGraphPin:LinkedTo.LinkedTo: unresolved reference to 'EdGraphPin'K2Node_VariableSet_41.EdGraphPin_5053''
[2016.05.24-08.21.06:852][768]LogUObjectHash:Warning: Ambiguous search, could be K2Node_CallFunction /Game/Blueprints/Node.Node:ExecuteUbergraph_Node.K2Node_CallFunction_2595 or K2Node_CallFunction /Game/Blueprints/Node.Node:EventGraph.K2Node_CallFunction_2595
[2016.05.24-08.21.06:852][768]LogProperty:Warning: ObjectProperty /Script/Engine.EdGraphPin:LinkedTo.LinkedTo: unresolved reference to 'EdGraphPin'K2Node_CallFunction_2595.EdGraphPin_6102''
[2016.05.24-08.21.06:852][768]LogUObjectHash:Warning: Ambiguous search, could be K2Node_VariableSet /Game/Blueprints/Node.Node:EventGraph.K2Node_VariableSet_23 or K2Node_VariableSet /Game/Blueprints/Node.Node:ExecuteUbergraph_Node.K2Node_VariableSet_23
[2016.05.24-08.21.06:853][768]LogProperty:Warning: ObjectProperty /Script/Engine.EdGraphPin:LinkedTo.LinkedTo: unresolved reference to 'EdGraphPin'K2Node_VariableSet_23.EdGraphPin_4956''
[2016.05.24-08.21.06:853][768]LogUObjectHash:Warning: Ambiguous search, could be K2Node_CommutativeAssociativeBinaryOperator /Game/Blueprints/Node.Node:EventGraph.K2Node_CommutativeAssociativeBinaryOperator_43 or K2Node_CommutativeAssociativeBinaryOperator /Engine/Transient.PROTO_BP_Blueprint_0:UserConstructionScript.K2Node_CommutativeAssociativeBinaryOperator_43
[2016.05.24-08.21.06:853][768]LogProperty:Warning: ObjectProperty /Script/Engine.EdGraphPin:LinkedTo.LinkedTo: unresolved reference to 'EdGraphPin'K2Node_CommutativeAssociativeBinaryOperator_43.EdGraphPin_6090''
[2016.05.24-08.21.06:853][768]LogUObjectHash:Warning: Ambiguous search, could be K2Node_CallFunction /Game/Blueprints/Node.Node:ExecuteUbergraph_Node.K2Node_CallFunction_2595 or K2Node_CallFunction /Game/Blueprints/Node.Node:EventGraph.K2Node_CallFunction_2595
[2016.05.24-08.21.06:853][768]LogProperty:Warning: ObjectProperty /Script/Engine.EdGraphPin:LinkedTo.LinkedTo: unresolved reference to 'EdGraphPin'K2Node_CallFunction_2595.EdGraphPin_6100''
[2016.05.24-08.21.06:854][768]LogUObjectHash:Warning: Ambiguous search, could be K2Node_CommutativeAssociativeBinaryOperator /Game/Blueprints/Node.Node:EventGraph.K2Node_CommutativeAssociativeBinaryOperator_43 or K2Node_CommutativeAssociativeBinaryOperator /Engine/Transient.PROTO_BP_Blueprint_0:UserConstructionScript.K2Node_CommutativeAssociativeBinaryOperator_43
[2016.05.24-08.21.06:854][768]LogProperty:Warning: ObjectProperty /Script/Engine.EdGraphPin:LinkedTo.LinkedTo: unresolved reference to 'EdGraphPin'K2Node_CommutativeAssociativeBinaryOperator_43.EdGraphPin_6089''
[2016.05.24-08.21.06:854][768]LogProperty:Warning: ObjectProperty /Script/Engine.EdGraphPin:LinkedTo.LinkedTo: unresolved reference to 'EdGraphPin'K2Node_CommutativeAssociativeBinaryOperator_337.EdGraphPin_6138''
[2016.05.24-08.21.06:855][768]LogUObjectHash:Warning: Ambiguous search, could be K2Node_VariableSet /Game/Blueprints/Node.Node:EventGraph.K2Node_VariableSet_23 or K2Node_VariableSet /Game/Blueprints/Node.Node:ExecuteUbergraph_Node.K2Node_VariableSet_23
[2016.05.24-08.21.06:855][768]LogProperty:Warning: ObjectProperty /Script/Engine.EdGraphPin:LinkedTo.LinkedTo: unresolved reference to 'EdGraphPin'K2Node_VariableSet_23.EdGraphPin_4957''
[2016.05.24-08.21.06:855][768]LogProperty:Warning: ObjectProperty /Script/Engine.EdGraphPin:LinkedTo.LinkedTo: unresolved reference to 'EdGraphPin'K2Node_CallArrayFunction_83.EdGraphPin_6126''
[2016.05.24-08.21.06:855][768]LogProperty:Warning: ObjectProperty /Script/Engine.EdGraphPin:LinkedTo.LinkedTo: unresolved reference to 'EdGraphPin'K2Node_CallArrayFunction_83.EdGraphPin_6124''
[2016.05.24-08.21.06:856][768]LogProperty:Warning: ObjectProperty /Script/Engine.EdGraphPin:LinkedTo.LinkedTo: unresolved reference to 'EdGraphPin'K2Node_CommutativeAssociativeBinaryOperator_337.EdGraphPin_6136''
[2016.05.24-08.21.06:856][768]LogProperty:Warning: ObjectProperty /Script/Engine.EdGraphPin:LinkedTo.LinkedTo: unresolved reference to 'EdGraphPin'K2Node_CallFunction_4116.EdGraphPin_6148''
[2016.05.24-08.22.02:634][139]BlueprintLog: New page: Compile Node
[2016.05.24-08.22.02:881][139]BlueprintEditorCompileResults: Info [1316.08] Compile of Node successful! [in 246 ms]
[2016.05.24-08.22.23:207][546]BlueprintLog: New page: Compile Node
[2016.05.24-08.22.23:414][546]BlueprintEditorCompileResults: Info [1336.62] Compile of Node successful! [in 207 ms]
[2016.05.24-08.22.23:415][546]BlueprintLog: New page: Compile Node
[2016.05.24-08.22.23:574][546]BlueprintEditorCompileResults: Info [1336.78] Compile of Node successful! [in 159 ms]
[2016.05.24-08.22.23:574][546]BlueprintLog: New page: Compile Node
[2016.05.24-08.22.23:727][546]BlueprintEditorCompileResults: Info [1336.93] Compile of Node successful! [in 152 ms]
[2016.05.24-08.22.24:905][568]Cmd: OBJ SAVEPACKAGE PACKAGE="/Game/Blueprints/Node" FILE="../../../../../../Private/PWR/Semestr 1 II stopien/TiRT/TiRT/Content/Blueprints/Node.uasset" SILENT=true
[2016.05.24-08.22.25:089][568]LogSavePackage: Save=160.87ms
[2016.05.24-08.22.25:089][568]LogSavePackage: Moving '../../../../../../Private/PWR/Semestr 1 II stopien/TiRT/TiRT/Saved/Node6AF641A14938D373B4BE6A95F813918E.tmp' to '../../../../../../Private/PWR/Semestr 1 II stopien/TiRT/TiRT/Content/Blueprints/Node.uasset'
[2016.05.24-08.22.25:095][568]LogSavePackage: Total save time: 187.33ms
[2016.05.24-08.22.25:095][568]LogSavePackage:Display: Finished SavePackage ../../../../../../Private/PWR/Semestr 1 II stopien/TiRT/TiRT/Content/Blueprints/Node.uasset
[2016.05.24-08.22.37:674][979]LogBlueprintUserMessages: Early PlayInEditor Detection: Level '/Game/StarterContent/Maps/Minimal_Default.Minimal_Default:PersistentLevel' has LevelScriptBlueprint '/Game/StarterContent/Maps/Minimal_Default.Minimal_Default:PersistentLevel.Minimal_Default' with GeneratedClass '/Game/StarterContent/Maps/Minimal_Default.Minimal_Default_C' with ClassGeneratedBy '/Game/StarterContent/Maps/Minimal_Default.Minimal_Default:PersistentLevel.Minimal_Default'
[2016.05.24-08.22.37:674][979]LogPlayLevel: PlayLevel: No blueprints needed recompiling
[2016.05.24-08.22.37:685][979]PIE: New page: PIE session: Minimal_Default (May 24, 2016, 11:22:37 AM)
[2016.05.24-08.22.37:685][979]LogPlayLevel: Creating play world package: /Game/StarterContent/Maps/UEDPIE_0_Minimal_Default
[2016.05.24-08.22.37:697][979]LogPlayLevel: PIE: StaticDuplicateObject took: (0.011646s)
[2016.05.24-08.22.37:700][979]LogAIModule: Creating AISystem for world Minimal_Default
[2016.05.24-08.22.37:700][979]LogPlayLevel: PIE: World Init took: (0.002781s)
[2016.05.24-08.22.37:701][979]LogPlayLevel: PIE: Created PIE world by copying editor world from /Game/StarterContent/Maps/Minimal_Default.Minimal_Default to /Game/StarterContent/Maps/UEDPIE_0_Minimal_Default.Minimal_Default (0.015417s)
[2016.05.24-08.22.37:718][979]LogInit: XAudio2 using 'Speaker/HP (Realtek High Definition Audio)' : 2 channels at 48 kHz using 32 bits per sample (channel mask 0x3)
[2016.05.24-08.22.37:726][979]LogInit: FAudioDevice initialized.
[2016.05.24-08.22.37:773][979]LogWorld: Game class is 'GameMode'
[2016.05.24-08.22.37:777][979]LogWorld: Bringing World /Game/StarterContent/Maps/UEDPIE_0_Minimal_Default.Minimal_Default up for play (max tick rate 0) at 2016.05.24-10.22.37
[2016.05.24-08.22.37:778][979]LogWorld: Bringing up level for play took: 0.002624
[2016.05.24-08.22.37:786][979]LogContentBrowser: Native class hierarchy updated for 'MovieSceneCapture' in 0.0007 seconds. Added 9 classes and 0 folders.
[2016.05.24-08.22.37:788][979]LogScript:Warning: Accessed None trying to read property Instigator
	StartingPoint_C /Game/StarterContent/Maps/UEDPIE_0_Minimal_Default.Minimal_Default:PersistentLevel.StartingPoint_52
	Function /Game/Blueprints/StartingPoint.StartingPoint_C:ExecuteUbergraph_StartingPoint:0674
[2016.05.24-08.22.37:789][979]PIE:Error: Error Blueprint Runtime Error: Accessed None trying to read property Instigator from function: 'ExecuteUbergraph_StartingPoint' from node: Spawn Default Controller in graph: EventGraph in object: StartingPoint
[2016.05.24-08.22.37:789][979]LogScript:Warning: Accessed None trying to read property Instigator
	StartingPoint_C /Game/StarterContent/Maps/UEDPIE_0_Minimal_Default.Minimal_Default:PersistentLevel.StartingPoint_52
	Function /Game/Blueprints/StartingPoint.StartingPoint_C:ExecuteUbergraph_StartingPoint:0674
[2016.05.24-08.22.37:789][979]PIE:Error: Error Blueprint Runtime Error: Accessed None trying to read property Instigator from function: 'ExecuteUbergraph_StartingPoint' from node: Spawn Default Controller in graph: EventGraph in object: StartingPoint
[2016.05.24-08.22.37:789][979]LogScript:Warning: Accessed None trying to read property Instigator
	StartingPoint_C /Game/StarterContent/Maps/UEDPIE_0_Minimal_Default.Minimal_Default:PersistentLevel.StartingPoint_52
	Function /Game/Blueprints/StartingPoint.StartingPoint_C:ExecuteUbergraph_StartingPoint:0674
[2016.05.24-08.22.37:789][979]PIE:Error: Error Blueprint Runtime Error: Accessed None trying to read property Instigator from function: 'ExecuteUbergraph_StartingPoint' from node: Spawn Default Controller in graph: EventGraph in object: StartingPoint
[2016.05.24-08.22.37:789][979]LogScript:Warning: Accessed None trying to read property Instigator
	StartingPoint_C /Game/StarterContent/Maps/UEDPIE_0_Minimal_Default.Minimal_Default:PersistentLevel.StartingPoint_52
	Function /Game/Blueprints/StartingPoint.StartingPoint_C:ExecuteUbergraph_StartingPoint:0674
[2016.05.24-08.22.37:790][979]PIE:Error: Error Blueprint Runtime Error: Accessed None trying to read property Instigator from function: 'ExecuteUbergraph_StartingPoint' from node: Spawn Default Controller in graph: EventGraph in object: StartingPoint
[2016.05.24-08.22.37:790][979]LogScript:Warning: Accessed None trying to read property Instigator
	StartingPoint_C /Game/StarterContent/Maps/UEDPIE_0_Minimal_Default.Minimal_Default:PersistentLevel.StartingPoint_52
	Function /Game/Blueprints/StartingPoint.StartingPoint_C:ExecuteUbergraph_StartingPoint:0674
[2016.05.24-08.22.37:790][979]PIE:Error: Error Blueprint Runtime Error: Accessed None trying to read property Instigator from function: 'ExecuteUbergraph_StartingPoint' from node: Spawn Default Controller in graph: EventGraph in object: StartingPoint
[2016.05.24-08.22.37:795][979]PIE: Info Play in editor start time for /Game/StarterContent/Maps/UEDPIE_0_Minimal_Default -0.199
[2016.05.24-08.22.37:795][979]LogBlueprintUserMessages: Late PlayInEditor Detection: Level '/Game/StarterContent/Maps/Minimal_Default.Minimal_Default:PersistentLevel' has LevelScriptBlueprint '/Game/StarterContent/Maps/Minimal_Default.Minimal_Default:PersistentLevel.Minimal_Default' with GeneratedClass '/Game/StarterContent/Maps/Minimal_Default.Minimal_Default_C' with ClassGeneratedBy '/Game/StarterContent/Maps/Minimal_Default.Minimal_Default:PersistentLevel.Minimal_Default'
[2016.05.24-08.23.02:893][168]LogBlueprintUserMessages: Early EndPlayMap Detection: Level '/Game/StarterContent/Maps/Minimal_Default.Minimal_Default:PersistentLevel' has LevelScriptBlueprint '/Game/StarterContent/Maps/Minimal_Default.Minimal_Default:PersistentLevel.Minimal_Default' with GeneratedClass '/Game/StarterContent/Maps/Minimal_Default.Minimal_Default_C' with ClassGeneratedBy '/Game/StarterContent/Maps/Minimal_Default.Minimal_Default:PersistentLevel.Minimal_Default'
[2016.05.24-08.23.02:952][168]LogBlueprintUserMessages: Late EndPlayMap Detection: Level '/Game/StarterContent/Maps/Minimal_Default.Minimal_Default:PersistentLevel' has LevelScriptBlueprint '/Game/StarterContent/Maps/Minimal_Default.Minimal_Default:PersistentLevel.Minimal_Default' with GeneratedClass '/Game/StarterContent/Maps/Minimal_Default.Minimal_Default_C' with ClassGeneratedBy '/Game/StarterContent/Maps/Minimal_Default.Minimal_Default:PersistentLevel.Minimal_Default'
[2016.05.24-08.23.22:306][209]BlueprintLog: New page: Compile Node
[2016.05.24-08.23.22:483][209]BlueprintEditorCompileResults: Info [1395.68] Compile of Node successful! [in 176 ms]
[2016.05.24-08.23.23:684][280]Cmd: OBJ SAVEPACKAGE PACKAGE="/Game/Blueprints/Node" FILE="../../../../../../Private/PWR/Semestr 1 II stopien/TiRT/TiRT/Content/Blueprints/Node.uasset" SILENT=true
[2016.05.24-08.23.23:851][280]LogSavePackage: Save=156.85ms
[2016.05.24-08.23.23:851][280]LogSavePackage: Moving '../../../../../../Private/PWR/Semestr 1 II stopien/TiRT/TiRT/Saved/Node87EC4FCA4924B202EAA0C4BA614B9A5A.tmp' to '../../../../../../Private/PWR/Semestr 1 II stopien/TiRT/TiRT/Content/Blueprints/Node.uasset'
[2016.05.24-08.23.23:856][280]LogSavePackage: Total save time: 168.18ms
[2016.05.24-08.23.23:856][280]LogSavePackage:Display: Finished SavePackage ../../../../../../Private/PWR/Semestr 1 II stopien/TiRT/TiRT/Content/Blueprints/Node.uasset
[2016.05.24-08.23.29:659][571]LogBlueprintUserMessages: Early PlayInEditor Detection: Level '/Game/StarterContent/Maps/Minimal_Default.Minimal_Default:PersistentLevel' has LevelScriptBlueprint '/Game/StarterContent/Maps/Minimal_Default.Minimal_Default:PersistentLevel.Minimal_Default' with GeneratedClass '/Game/StarterContent/Maps/Minimal_Default.Minimal_Default_C' with ClassGeneratedBy '/Game/StarterContent/Maps/Minimal_Default.Minimal_Default:PersistentLevel.Minimal_Default'
[2016.05.24-08.23.29:659][571]LogPlayLevel: PlayLevel: No blueprints needed recompiling
[2016.05.24-08.23.29:659][571]PIE: New page: PIE session: Minimal_Default (May 24, 2016, 11:23:29 AM)
[2016.05.24-08.23.29:659][571]LogPlayLevel: Creating play world package: /Game/StarterContent/Maps/UEDPIE_0_Minimal_Default
[2016.05.24-08.23.29:679][571]LogPlayLevel: PIE: StaticDuplicateObject took: (0.019049s)
[2016.05.24-08.23.29:680][571]LogAIModule: Creating AISystem for world Minimal_Default
[2016.05.24-08.23.29:680][571]LogPlayLevel: PIE: World Init took: (0.001465s)
[2016.05.24-08.23.29:681][571]LogPlayLevel: PIE: Created PIE world by copying editor world from /Game/StarterContent/Maps/Minimal_Default.Minimal_Default to /Game/StarterContent/Maps/UEDPIE_0_Minimal_Default.Minimal_Default (0.021166s)
[2016.05.24-08.23.29:728][571]LogInit: XAudio2 using 'Speaker/HP (Realtek High Definition Audio)' : 2 channels at 48 kHz using 32 bits per sample (channel mask 0x3)
[2016.05.24-08.23.29:735][571]LogInit: FAudioDevice initialized.
[2016.05.24-08.23.29:766][571]LogWorld: Game class is 'GameMode'
[2016.05.24-08.23.29:770][571]LogWorld: Bringing World /Game/StarterContent/Maps/UEDPIE_0_Minimal_Default.Minimal_Default up for play (max tick rate 0) at 2016.05.24-10.23.29
[2016.05.24-08.23.29:771][571]LogWorld: Bringing up level for play took: 0.003761
[2016.05.24-08.23.29:773][571]LogScript:Warning: Accessed None trying to read property Instigator
	StartingPoint_C /Game/StarterContent/Maps/UEDPIE_0_Minimal_Default.Minimal_Default:PersistentLevel.StartingPoint_52
	Function /Game/Blueprints/StartingPoint.StartingPoint_C:ExecuteUbergraph_StartingPoint:0674
[2016.05.24-08.23.29:773][571]PIE:Error: Error Blueprint Runtime Error: Accessed None trying to read property Instigator from function: 'ExecuteUbergraph_StartingPoint' from node: Spawn Default Controller in graph: EventGraph in object: StartingPoint
[2016.05.24-08.23.29:773][571]LogScript:Warning: Accessed None trying to read property Instigator
	StartingPoint_C /Game/StarterContent/Maps/UEDPIE_0_Minimal_Default.Minimal_Default:PersistentLevel.StartingPoint_52
	Function /Game/Blueprints/StartingPoint.StartingPoint_C:ExecuteUbergraph_StartingPoint:0674
[2016.05.24-08.23.29:773][571]PIE:Error: Error Blueprint Runtime Error: Accessed None trying to read property Instigator from function: 'ExecuteUbergraph_StartingPoint' from node: Spawn Default Controller in graph: EventGraph in object: StartingPoint
[2016.05.24-08.23.29:774][571]LogScript:Warning: Accessed None trying to read property Instigator
	StartingPoint_C /Game/StarterContent/Maps/UEDPIE_0_Minimal_Default.Minimal_Default:PersistentLevel.StartingPoint_52
	Function /Game/Blueprints/StartingPoint.StartingPoint_C:ExecuteUbergraph_StartingPoint:0674
[2016.05.24-08.23.29:774][571]PIE:Error: Error Blueprint Runtime Error: Accessed None trying to read property Instigator from function: 'ExecuteUbergraph_StartingPoint' from node: Spawn Default Controller in graph: EventGraph in object: StartingPoint
[2016.05.24-08.23.29:774][571]LogScript:Warning: Accessed None trying to read property Instigator
	StartingPoint_C /Game/StarterContent/Maps/UEDPIE_0_Minimal_Default.Minimal_Default:PersistentLevel.StartingPoint_52
	Function /Game/Blueprints/StartingPoint.StartingPoint_C:ExecuteUbergraph_StartingPoint:0674
[2016.05.24-08.23.29:774][571]PIE:Error: Error Blueprint Runtime Error: Accessed None trying to read property Instigator from function: 'ExecuteUbergraph_StartingPoint' from node: Spawn Default Controller in graph: EventGraph in object: StartingPoint
[2016.05.24-08.23.29:774][571]LogScript:Warning: Accessed None trying to read property Instigator
	StartingPoint_C /Game/StarterContent/Maps/UEDPIE_0_Minimal_Default.Minimal_Default:PersistentLevel.StartingPoint_52
	Function /Game/Blueprints/StartingPoint.StartingPoint_C:ExecuteUbergraph_StartingPoint:0674
[2016.05.24-08.23.29:774][571]PIE:Error: Error Blueprint Runtime Error: Accessed None trying to read property Instigator from function: 'ExecuteUbergraph_StartingPoint' from node: Spawn Default Controller in graph: EventGraph in object: StartingPoint
[2016.05.24-08.23.29:775][571]LogScript:Warning: Attempted to get an item from array Receivers out of bounds [0/0]!
[2016.05.24-08.23.29:775][571]LogScript:Warning: Attempted to get an item from array Receivers out of bounds [0/0]!
[2016.05.24-08.23.29:775][571]LogScript:Warning: Attempted to get an item from array Receivers out of bounds [0/0]!
[2016.05.24-08.23.29:775][571]LogScript:Warning: Attempted to get an item from array Receivers out of bounds [0/0]!
[2016.05.24-08.23.29:775][571]LogScript:Warning: Attempted to get an item from array Receivers out of bounds [0/0]!
[2016.05.24-08.23.29:775][571]LogScript:Warning: Attempted to get an item from array Receivers out of bounds [0/0]!
[2016.05.24-08.23.29:775][571]LogScript:Warning: Attempted to get an item from array Receivers out of bounds [0/0]!
[2016.05.24-08.23.29:776][571]LogScript:Warning: Attempted to get an item from array Receivers out of bounds [0/0]!
[2016.05.24-08.23.29:776][571]LogScript:Warning: Attempted to get an item from array Receivers out of bounds [0/0]!
[2016.05.24-08.23.29:776][571]LogScript:Warning: Attempted to get an item from array Receivers out of bounds [0/0]!
[2016.05.24-08.23.29:778][571]LogScript:Warning: Attempted to get an item from array Receivers out of bounds [0/0]!
[2016.05.24-08.23.29:778][571]LogScript:Warning: Attempted to get an item from array Receivers out of bounds [0/0]!
[2016.05.24-08.23.29:778][571]LogScript:Warning: Attempted to get an item from array Receivers out of bounds [0/0]!
[2016.05.24-08.23.29:778][571]LogScript:Warning: Attempted to get an item from array Receivers out of bounds [0/0]!
[2016.05.24-08.23.29:778][571]LogScript:Warning: Attempted to get an item from array Receivers out of bounds [0/0]!
[2016.05.24-08.23.29:778][571]LogScript:Warning: Attempted to get an item from array Receivers out of bounds [0/0]!
[2016.05.24-08.23.29:779][571]LogScript:Warning: Attempted to get an item from array Receivers out of bounds [0/0]!
[2016.05.24-08.23.29:779][571]LogScript:Warning: Attempted to get an item from array Receivers out of bounds [0/0]!
[2016.05.24-08.23.29:779][571]LogScript:Warning: Attempted to get an item from array Receivers out of bounds [0/0]!
[2016.05.24-08.23.29:779][571]LogScript:Warning: Attempted to get an item from array Receivers out of bounds [0/0]!
[2016.05.24-08.23.29:780][571]PIE: Info Play in editor start time for /Game/StarterContent/Maps/UEDPIE_0_Minimal_Default -0.217
[2016.05.24-08.23.29:780][571]LogBlueprintUserMessages: Late PlayInEditor Detection: Level '/Game/StarterContent/Maps/Minimal_Default.Minimal_Default:PersistentLevel' has LevelScriptBlueprint '/Game/StarterContent/Maps/Minimal_Default.Minimal_Default:PersistentLevel.Minimal_Default' with GeneratedClass '/Game/StarterContent/Maps/Minimal_Default.Minimal_Default_C' with ClassGeneratedBy '/Game/StarterContent/Maps/Minimal_Default.Minimal_Default:PersistentLevel.Minimal_Default'
[2016.05.24-08.23.41:059][122]LogScript:Warning: Attempted to get an item from array Receivers out of bounds [0/0]!
[2016.05.24-08.23.41:289][133]LogScript:Warning: Attempted to get an item from array Receivers out of bounds [0/0]!
[2016.05.24-08.23.41:455][141]LogScript:Warning: Attempted to get an item from array Receivers out of bounds [0/0]!
[2016.05.24-08.23.51:092][603]LogScript:Warning: Attempted to get an item from array Receivers out of bounds [0/0]!
[2016.05.24-08.23.51:322][614]LogScript:Warning: Attempted to get an item from array Receivers out of bounds [0/0]!
[2016.05.24-08.23.51:490][622]LogScript:Warning: Attempted to get an item from array Receivers out of bounds [0/0]!
[2016.05.24-08.24.01:097][ 77]LogScript:Warning: Attempted to get an item from array Receivers out of bounds [0/0]!
[2016.05.24-08.24.01:325][ 88]LogScript:Warning: Attempted to get an item from array Receivers out of bounds [0/0]!
[2016.05.24-08.24.01:490][ 96]LogScript:Warning: Attempted to get an item from array Receivers out of bounds [0/0]!
[2016.05.24-08.24.11:302][569]LogScript:Warning: Attempted to get an item from array Receivers out of bounds [0/0]!
[2016.05.24-08.24.11:467][577]LogScript:Warning: Attempted to get an item from array Receivers out of bounds [0/0]!
[2016.05.24-08.24.21:082][ 41]LogScript:Warning: Attempted to get an item from array Receivers out of bounds [0/0]!
[2016.05.24-08.24.21:312][ 52]LogScript:Warning: Attempted to get an item from array Receivers out of bounds [0/0]!
[2016.05.24-08.24.21:477][ 60]LogScript:Warning: Attempted to get an item from array Receivers out of bounds [0/0]!
[2016.05.24-08.24.31:346][527]LogScript:Warning: Attempted to get an item from array Receivers out of bounds [0/0]!
[2016.05.24-08.24.31:511][535]LogScript:Warning: Attempted to get an item from array Receivers out of bounds [0/0]!
[2016.05.24-08.24.41:155][995]LogScript:Warning: Attempted to get an item from array Receivers out of bounds [0/0]!
[2016.05.24-08.24.41:385][  6]LogScript:Warning: Attempted to get an item from array Receivers out of bounds [0/0]!
[2016.05.24-08.24.41:556][ 14]LogScript:Warning: Attempted to get an item from array Receivers out of bounds [0/0]!
[2016.05.24-08.24.42:832][ 75]LogBlueprintUserMessages: Early EndPlayMap Detection: Level '/Game/StarterContent/Maps/Minimal_Default.Minimal_Default:PersistentLevel' has LevelScriptBlueprint '/Game/StarterContent/Maps/Minimal_Default.Minimal_Default:PersistentLevel.Minimal_Default' with GeneratedClass '/Game/StarterContent/Maps/Minimal_Default.Minimal_Default_C' with ClassGeneratedBy '/Game/StarterContent/Maps/Minimal_Default.Minimal_Default:PersistentLevel.Minimal_Default'
[2016.05.24-08.24.42:877][ 75]LogBlueprintUserMessages: Late EndPlayMap Detection: Level '/Game/StarterContent/Maps/Minimal_Default.Minimal_Default:PersistentLevel' has LevelScriptBlueprint '/Game/StarterContent/Maps/Minimal_Default.Minimal_Default:PersistentLevel.Minimal_Default' with GeneratedClass '/Game/StarterContent/Maps/Minimal_Default.Minimal_Default_C' with ClassGeneratedBy '/Game/StarterContent/Maps/Minimal_Default.Minimal_Default:PersistentL